[2021-02-07 23:01:02,523] [basehttp.py:124] [basehttp:log_message] [INFO]- "GET /index HTTP/1.1" 200 59959
[2021-02-07 23:01:02,564] [basehttp.py:124] [basehttp:log_message] [INFO]- "GET /static/css/animations.css HTTP/1.1" 200 3087
[2021-02-07 23:01:02,589] [basehttp.py:124] [basehttp:log_message] [INFO]- "GET /static/css/style.css HTTP/1.1" 200 14020
[2021-02-07 23:01:02,590] [basehttp.py:124] [basehttp:log_message] [INFO]- "GET /static/css/custom.css HTTP/1.1" 200 296
[2021-02-07 23:01:02,626] [basehttp.py:124] [basehttp:log_message] [INFO]- "GET /static/images/logo.png HTTP/1.1" 200 1330
[2021-02-07 23:01:02,628] [basehttp.py:124] [basehttp:log_message] [INFO]- "GET /static/plugins/modernizr.js HTTP/1.1" 200 9393
[2021-02-07 23:01:02,661] [basehttp.py:124] [basehttp:log_message] [INFO]- "GET /static/plugins/jquery.backstretch.min.js HTTP/1.1" 200 4233
[2021-02-07 23:01:02,667] [basehttp.py:124] [basehttp:log_message] [INFO]- "GET /static/plugins/isotope/isotope.pkgd.min.js HTTP/1.1" 200 35624
[2021-02-07 23:01:02,679] [basehttp.py:124] [basehttp:log_message] [INFO]- "GET /static/plugins/jquery.appear.js HTTP/1.1" 200 4227
[2021-02-07 23:01:02,687] [basehttp.py:124] [basehttp:log_message] [INFO]- "GET /static/images/dotav1/doom.jpeg HTTP/1.1" 200 15776
[2021-02-07 23:01:02,927] [basehttp.py:124] [basehttp:log_message] [INFO]- "GET /static/css/animate.css HTTP/1.1" 200 73111
[2021-02-07 23:01:03,356] [basehttp.py:124] [basehttp:log_message] [INFO]- "GET /static/js/template.js HTTP/1.1" 200 3367
[2021-02-07 23:01:03,407] [basehttp.py:124] [basehttp:log_message] [INFO]- "GET /static/js/custom.js HTTP/1.1" 200 313
[2021-02-07 23:01:03,459] [basehttp.py:124] [basehttp:log_message] [INFO]- "GET /static/images/portfolio-1.jpg HTTP/1.1" 200 17732
[2021-02-07 23:01:03,494] [basehttp.py:124] [basehttp:log_message] [INFO]- "GET /static/images/portfolio-2.jpg HTTP/1.1" 200 26550
[2021-02-07 23:01:03,886] [basehttp.py:124] [basehttp:log_message] [INFO]- "GET /static/images/dotav1/sf.jpeg HTTP/1.1" 200 35804
[2021-02-07 23:01:05,221] [basehttp.py:124] [basehttp:log_message] [INFO]- "GET /static/images/dotav1/gangbei.jpeg HTTP/1.1" 200 150084
[2021-02-07 23:01:05,669] [basehttp.py:124] [basehttp:log_message] [INFO]- "GET /static/images/portfolio-4.jpg HTTP/1.1" 200 23953
[2021-02-07 23:01:05,874] [basehttp.py:124] [basehttp:log_message] [INFO]- "GET /static/images/portfolio-3.jpg HTTP/1.1" 200 39212
[2021-02-07 23:01:06,433] [basehttp.py:124] [basehttp:log_message] [INFO]- "GET /static/images/portfolio-5.jpg HTTP/1.1" 200 17680
[2021-02-07 23:01:07,733] [basehttp.py:124] [basehttp:log_message] [INFO]- "GET /static/images/storm%20spirit.jpeg HTTP/1.1" 200 142977
[2021-02-07 23:01:10,024] [basehttp.py:124] [basehttp:log_message] [INFO]- "GET /static/images/portfolio-6.jpg HTTP/1.1" 200 46436
[2021-02-07 23:01:10,757] [basehttp.py:124] [basehttp:log_message] [INFO]- "GET /static/images/dotav1/ta.jpeg HTTP/1.1" 200 198080
[2021-02-07 23:01:11,011] [basehttp.py:124] [basehttp:log_message] [INFO]- "GET /static/images/dotav1/labike.jpg HTTP/1.1" 200 17489
[2021-02-07 23:01:11,415] [basehttp.py:124] [basehttp:log_message] [INFO]- "GET /static/images/portfolio-7.jpg HTTP/1.1" 200 13059
[2021-02-07 23:01:11,604] [basehttp.py:124] [basehttp:log_message] [INFO]- "GET /static/images/dotav1/lanpang.jpeg HTTP/1.1" 200 89008
[2021-02-07 23:01:12,648] [basehttp.py:124] [basehttp:log_message] [INFO]- "GET /static/images/portfolio-8.jpg HTTP/1.1" 200 15397
[2021-02-07 23:01:15,022] [basehttp.py:124] [basehttp:log_message] [INFO]- "GET /static/images/portfolio-9.jpg HTTP/1.1" 200 13059
[2021-02-07 23:01:18,022] [basehttp.py:124] [basehttp:log_message] [INFO]- "GET /static/images/dotav1/qop.jpeg HTTP/1.1" 200 158317
[2021-02-07 23:01:18,839] [basehttp.py:124] [basehttp:log_message] [INFO]- "GET /static/images/bg-image-1.jpg HTTP/1.1" 200 596159
[2021-02-07 23:01:20,959] [basehttp.py:124] [basehttp:log_message] [INFO]- "GET /static/images/portfolio-10.jpg HTTP/1.1" 200 26779
