[2021-02-08 08:52:22,347] [basehttp.py:124] [basehttp:log_message] [INFO]- "GET /index HTTP/1.1" 200 59959
[2021-02-08 08:52:22,434] [basehttp.py:124] [basehttp:log_message] [INFO]- "GET /static/css/animations.css HTTP/1.1" 200 3087
[2021-02-08 08:52:22,453] [basehttp.py:124] [basehttp:log_message] [INFO]- "GET /static/css/style.css HTTP/1.1" 200 14020
[2021-02-08 08:52:22,455] [basehttp.py:124] [basehttp:log_message] [INFO]- "GET /static/css/custom.css HTTP/1.1" 200 296
[2021-02-08 08:52:22,491] [basehttp.py:124] [basehttp:log_message] [INFO]- "GET /static/images/logo.png HTTP/1.1" 200 1330
[2021-02-08 08:52:22,492] [basehttp.py:124] [basehttp:log_message] [INFO]- "GET /static/images/dotav1/doom.jpeg HTTP/1.1" 200 15776
[2021-02-08 08:52:22,512] [basehttp.py:124] [basehttp:log_message] [INFO]- "GET /static/plugins/modernizr.js HTTP/1.1" 200 9393
[2021-02-08 08:52:22,524] [basehttp.py:124] [basehttp:log_message] [INFO]- "GET /static/images/portfolio-1.jpg HTTP/1.1" 200 17732
[2021-02-08 08:52:22,896] [basehttp.py:124] [basehttp:log_message] [INFO]- "GET /static/css/animate.css HTTP/1.1" 200 73111
[2021-02-08 08:52:23,529] [basehttp.py:124] [basehttp:log_message] [INFO]- "GET /static/plugins/isotope/isotope.pkgd.min.js HTTP/1.1" 200 35624
[2021-02-08 08:52:23,548] [basehttp.py:124] [basehttp:log_message] [INFO]- "GET /static/images/storm%20spirit.jpeg HTTP/1.1" 200 142977
[2021-02-08 08:52:23,881] [basehttp.py:124] [basehttp:log_message] [INFO]- "GET /static/plugins/jquery.backstretch.min.js HTTP/1.1" 200 4233
[2021-02-08 08:52:23,933] [basehttp.py:124] [basehttp:log_message] [INFO]- "GET /static/plugins/jquery.appear.js HTTP/1.1" 200 4227
[2021-02-08 08:52:23,986] [basehttp.py:124] [basehttp:log_message] [INFO]- "GET /static/js/template.js HTTP/1.1" 200 3367
[2021-02-08 08:52:24,036] [basehttp.py:124] [basehttp:log_message] [INFO]- "GET /static/js/custom.js HTTP/1.1" 200 313
[2021-02-08 08:52:24,088] [basehttp.py:124] [basehttp:log_message] [INFO]- "GET /static/images/dotav1/sf.jpeg HTTP/1.1" 200 35804
[2021-02-08 08:52:24,566] [basehttp.py:124] [basehttp:log_message] [INFO]- "GET /static/images/portfolio-2.jpg HTTP/1.1" 200 26550
[2021-02-08 08:52:25,141] [basehttp.py:124] [basehttp:log_message] [INFO]- "GET /static/images/portfolio-3.jpg HTTP/1.1" 200 39212
[2021-02-08 08:52:25,433] [basehttp.py:124] [basehttp:log_message] [INFO]- "GET /static/images/portfolio-4.jpg HTTP/1.1" 200 23953
[2021-02-08 08:52:26,596] [basehttp.py:124] [basehttp:log_message] [INFO]- "GET /static/images/portfolio-5.jpg HTTP/1.1" 200 17680
[2021-02-08 08:52:27,594] [basehttp.py:124] [basehttp:log_message] [INFO]- "GET /static/images/dotav1/gangbei.jpeg HTTP/1.1" 200 150084
[2021-02-08 08:52:28,149] [basehttp.py:124] [basehttp:log_message] [INFO]- "GET /static/images/portfolio-6.jpg HTTP/1.1" 200 46436
[2021-02-08 08:52:28,769] [basehttp.py:124] [basehttp:log_message] [INFO]- "GET /static/images/dotav1/ta.jpeg HTTP/1.1" 200 198080
[2021-02-08 08:52:29,495] [basehttp.py:124] [basehttp:log_message] [INFO]- "GET /static/images/dotav1/labike.jpg HTTP/1.1" 200 17489
[2021-02-08 08:52:29,976] [basehttp.py:124] [basehttp:log_message] [INFO]- "GET /static/images/dotav1/lanpang.jpeg HTTP/1.1" 200 89008
[2021-02-08 08:52:30,457] [basehttp.py:124] [basehttp:log_message] [INFO]- "GET /static/images/portfolio-7.jpg HTTP/1.1" 200 13059
[2021-02-08 08:52:30,713] [basehttp.py:124] [basehttp:log_message] [INFO]- "GET /static/images/portfolio-8.jpg HTTP/1.1" 200 15397
[2021-02-08 08:52:32,118] [basehttp.py:124] [basehttp:log_message] [INFO]- "GET /static/images/portfolio-9.jpg HTTP/1.1" 200 13059
[2021-02-08 08:52:36,590] [basehttp.py:124] [basehttp:log_message] [INFO]- "GET /static/images/dotav1/pake.jpeg HTTP/1.1" 200 246918
[2021-02-08 08:52:40,112] [basehttp.py:124] [basehttp:log_message] [INFO]- "GET /static/images/bg-image-2.jpeg HTTP/1.1" 200 213236
[2021-02-08 08:52:41,424] [basehttp.py:124] [basehttp:log_message] [INFO]- "GET /static/images/dotav1/qop.jpeg HTTP/1.1" 200 158317
[2021-02-08 08:52:42,460] [basehttp.py:124] [basehttp:log_message] [INFO]- "GET /static/images/dotav1/shushi.jpeg HTTP/1.1" 200 90169
[2021-02-08 08:52:42,892] [basehttp.py:124] [basehttp:log_message] [INFO]- "GET /static/images/dotav1/storm%20spirit.jpeg HTTP/1.1" 200 28521
[2021-02-08 08:52:42,983] [basehttp.py:124] [basehttp:log_message] [INFO]- "GET /static/images/portfolio-12.jpg HTTP/1.1" 200 15889
[2021-02-08 08:52:43,116] [basehttp.py:124] [basehttp:log_message] [INFO]- "GET /static/images/testimonial-1.png HTTP/1.1" 200 1243
[2021-02-08 08:52:43,166] [basehttp.py:124] [basehttp:log_message] [INFO]- "GET /static/images/testimonial-2.png HTTP/1.1" 200 1344
[2021-02-08 08:52:43,217] [basehttp.py:124] [basehttp:log_message] [INFO]- "GET /static/images/portfolio-11.jpg HTTP/1.1" 200 23938
[2021-02-08 08:52:44,012] [basehttp.py:124] [basehttp:log_message] [INFO]- "GET /static/images/portfolio-10.jpg HTTP/1.1" 200 26779
[2021-02-08 08:52:50,380] [basehttp.py:124] [basehttp:log_message] [INFO]- "GET /static/images/bg-image-3.jpeg HTTP/1.1" 200 408031
[2021-02-08 08:52:54,062] [basehttp.py:124] [basehttp:log_message] [INFO]- "GET /static/images/dotav1/kaer.jpeg HTTP/1.1" 200 340252
[2021-02-08 08:52:54,910] [basehttp.py:124] [basehttp:log_message] [INFO]- "GET /static/images/bg-image-4.jpg HTTP/1.1" 200 249263
[2021-02-08 08:52:56,333] [basehttp.py:124] [basehttp:log_message] [INFO]- "GET /static/images/bg-image-5.jpeg HTTP/1.1" 200 219598
[2021-02-08 08:52:58,493] [basehttp.py:124] [basehttp:log_message] [INFO]- "GET /static/images/bg-image-1.jpg HTTP/1.1" 200 596159
[2021-02-08 08:52:59,489] [basehttp.py:124] [basehttp:log_message] [INFO]- "GET /static/images/battle%20field.jpg HTTP/1.1" 200 204037
[2021-02-08 08:53:01,794] [basehttp.py:124] [basehttp:log_message] [INFO]- "GET /static/css/custom.css HTTP/1.1" 200 296
[2021-02-08 08:53:02,222] [basehttp.py:124] [basehttp:log_message] [INFO]- "GET /index HTTP/1.1" 200 59959
[2021-02-08 08:53:02,591] [basehttp.py:124] [basehttp:log_message] [INFO]- "GET /static/images/portfolio-3.jpg HTTP/1.1" 200 39212
[2021-02-08 08:53:02,595] [basehttp.py:124] [basehttp:log_message] [INFO]- "GET /static/images/portfolio-4.jpg HTTP/1.1" 200 23953
[2021-02-08 08:53:02,596] [basehttp.py:124] [basehttp:log_message] [INFO]- "GET /static/images/portfolio-2.jpg HTTP/1.1" 200 26550
[2021-02-08 08:53:02,598] [basehttp.py:124] [basehttp:log_message] [INFO]- "GET /static/js/custom.js HTTP/1.1" 200 313
[2021-02-08 08:53:02,598] [basehttp.py:124] [basehttp:log_message] [INFO]- "GET /static/plugins/jquery.backstretch.min.js HTTP/1.1" 200 4233
[2021-02-08 08:53:02,599] [basehttp.py:124] [basehttp:log_message] [INFO]- "GET /static/js/template.js HTTP/1.1" 200 3367
[2021-02-08 08:53:02,600] [basehttp.py:124] [basehttp:log_message] [INFO]- "GET /static/plugins/isotope/isotope.pkgd.min.js HTTP/1.1" 200 35624
[2021-02-08 08:53:02,602] [basehttp.py:124] [basehttp:log_message] [INFO]- "GET /static/plugins/modernizr.js HTTP/1.1" 200 9393
[2021-02-08 08:53:02,603] [basehttp.py:124] [basehttp:log_message] [INFO]- "GET /static/plugins/jquery.appear.js HTTP/1.1" 200 4227
[2021-02-08 08:53:03,233] [basehttp.py:124] [basehttp:log_message] [INFO]- "GET /static/images/dotav1/ta.jpeg HTTP/1.1" 200 73728
[2021-02-08 08:53:03,251] [basehttp.py:124] [basehttp:log_message] [INFO]- "GET /static/images/dotav1/gangbei.jpeg HTTP/1.1" 200 90112
[2021-02-08 08:53:03,320] [basehttp.py:124] [basehttp:log_message] [INFO]- "GET /static/images/portfolio-1.jpg HTTP/1.1" 200 17732
[2021-02-08 08:53:03,321] [basehttp.py:124] [basehttp:log_message] [INFO]- "GET /static/images/dotav1/sf.jpeg HTTP/1.1" 200 35804
[2021-02-08 08:53:03,322] [basehttp.py:124] [basehttp:log_message] [INFO]- "GET /static/images/dotav1/doom.jpeg HTTP/1.1" 200 15776
[2021-02-08 08:53:03,789] [basehttp.py:124] [basehttp:log_message] [INFO]- "GET /static/css/animations.css HTTP/1.1" 200 3087
[2021-02-08 08:53:03,798] [basehttp.py:124] [basehttp:log_message] [INFO]- "GET /static/css/style.css HTTP/1.1" 200 14020
[2021-02-08 08:53:03,803] [basehttp.py:124] [basehttp:log_message] [INFO]- "GET /static/images/logo.png HTTP/1.1" 200 1330
[2021-02-08 08:53:03,804] [basehttp.py:124] [basehttp:log_message] [INFO]- "GET /static/css/style.css HTTP/1.1" 200 14020
[2021-02-08 08:53:03,805] [basehttp.py:124] [basehttp:log_message] [INFO]- "GET /static/css/animations.css HTTP/1.1" 200 3087
[2021-02-08 08:53:03,986] [basehttp.py:124] [basehttp:log_message] [INFO]- "GET /index HTTP/1.1" 200 59959
[2021-02-08 08:53:04,317] [basehttp.py:124] [basehttp:log_message] [INFO]- "GET /static/images/logo.png HTTP/1.1" 200 1330
[2021-02-08 08:53:04,680] [basehttp.py:124] [basehttp:log_message] [INFO]- "GET /static/images/dotav1/doom.jpeg HTTP/1.1" 200 15776
[2021-02-08 08:53:04,860] [basehttp.py:124] [basehttp:log_message] [INFO]- "GET /static/images/portfolio-1.jpg HTTP/1.1" 200 17732
[2021-02-08 08:53:05,031] [basehttp.py:124] [basehttp:log_message] [INFO]- "GET /static/plugins/modernizr.js HTTP/1.1" 200 9393
[2021-02-08 08:53:05,346] [basehttp.py:124] [basehttp:log_message] [INFO]- "GET /static/css/animate.css HTTP/1.1" 200 73111
[2021-02-08 08:53:05,698] [basehttp.py:124] [basehttp:log_message] [INFO]- "GET /static/plugins/isotope/isotope.pkgd.min.js HTTP/1.1" 200 35624
[2021-02-08 08:53:06,888] [basehttp.py:124] [basehttp:log_message] [INFO]- "GET /static/images/storm%20spirit.jpeg HTTP/1.1" 200 142977
[2021-02-08 08:53:06,997] [basehttp.py:124] [basehttp:log_message] [INFO]- "GET /static/plugins/jquery.backstretch.min.js HTTP/1.1" 200 4233
[2021-02-08 08:53:07,160] [basehttp.py:124] [basehttp:log_message] [INFO]- "GET /static/plugins/jquery.appear.js HTTP/1.1" 200 4227
[2021-02-08 08:53:07,199] [basehttp.py:124] [basehttp:log_message] [INFO]- "GET /static/js/template.js HTTP/1.1" 200 3367
[2021-02-08 08:53:07,519] [basehttp.py:124] [basehttp:log_message] [INFO]- "GET /static/images/dotav1/sf.jpeg HTTP/1.1" 200 35804
[2021-02-08 08:53:07,818] [basehttp.py:124] [basehttp:log_message] [INFO]- "GET /static/images/portfolio-2.jpg HTTP/1.1" 200 26550
[2021-02-08 08:53:08,637] [basehttp.py:124] [basehttp:log_message] [INFO]- "GET /static/images/portfolio-3.jpg HTTP/1.1" 200 39212
[2021-02-08 08:53:10,666] [basehttp.py:124] [basehttp:log_message] [INFO]- "GET /static/images/dotav1/gangbei.jpeg HTTP/1.1" 200 150084
[2021-02-08 08:53:11,501] [basehttp.py:124] [basehttp:log_message] [INFO]- "GET /static/images/storm%20spirit.jpeg HTTP/1.1" 200 142977
[2021-02-08 08:53:14,898] [basehttp.py:124] [basehttp:log_message] [INFO]- "GET /static/images/portfolio-4.jpg HTTP/1.1" 200 23953
[2021-02-08 08:53:14,956] [basehttp.py:124] [basehttp:log_message] [INFO]- "GET /static/images/bg-image-2.jpeg HTTP/1.1" 200 213236
[2021-02-08 08:53:17,691] [basehttp.py:124] [basehttp:log_message] [INFO]- "GET /static/images/bg-image-4.jpg HTTP/1.1" 200 249263
[2021-02-08 08:53:19,307] [basehttp.py:124] [basehttp:log_message] [INFO]- "GET /static/images/portfolio-5.jpg HTTP/1.1" 200 17680
[2021-02-08 08:53:21,926] [basehttp.py:124] [basehttp:log_message] [INFO]- "GET /static/images/dotav1/ta.jpeg HTTP/1.1" 200 198080
[2021-02-08 08:53:22,052] [basehttp.py:124] [basehttp:log_message] [INFO]- "GET /static/images/dotav1/lanpang.jpeg HTTP/1.1" 200 89008
[2021-02-08 08:53:22,597] [basehttp.py:124] [basehttp:log_message] [INFO]- "GET /static/images/portfolio-6.jpg HTTP/1.1" 200 46436
[2021-02-08 08:53:25,597] [basehttp.py:124] [basehttp:log_message] [INFO]- "GET /static/images/dotav1/labike.jpg HTTP/1.1" 200 17489
[2021-02-08 08:53:26,659] [basehttp.py:124] [basehttp:log_message] [INFO]- "GET /static/images/bg-image-5.jpeg HTTP/1.1" 200 219598
[2021-02-08 08:53:27,015] [basehttp.py:124] [basehttp:log_message] [INFO]- "GET /static/images/portfolio-7.jpg HTTP/1.1" 200 13059
[2021-02-08 08:53:27,787] [basehttp.py:124] [basehttp:log_message] [INFO]- "GET /static/images/dotav1/kaer.jpeg HTTP/1.1" 200 340252
[2021-02-08 08:53:28,062] [basehttp.py:124] [basehttp:log_message] [INFO]- "GET /static/images/portfolio-8.jpg HTTP/1.1" 200 15397
[2021-02-08 08:53:31,914] [basehttp.py:124] [basehttp:log_message] [INFO]- "GET /static/images/dotav1/mituan.jpeg HTTP/1.1" 200 1744978
[2021-02-08 08:53:33,767] [basehttp.py:124] [basehttp:log_message] [INFO]- "GET /static/images/portfolio-9.jpg HTTP/1.1" 200 13059
[2021-02-08 08:53:34,418] [basehttp.py:124] [basehttp:log_message] [INFO]- "GET /static/images/portfolio-10.jpg HTTP/1.1" 200 26779
[2021-02-08 08:53:36,036] [basehttp.py:124] [basehttp:log_message] [INFO]- "GET /static/images/favicon.ico HTTP/1.1" 200 4286
[2021-02-08 08:53:37,919] [basehttp.py:124] [basehttp:log_message] [INFO]- "GET /static/images/bg-image-1.jpg HTTP/1.1" 200 596159
[2021-02-08 08:53:38,723] [basehttp.py:124] [basehttp:log_message] [INFO]- "GET /static/images/dotav1/shushi.jpeg HTTP/1.1" 200 90169
[2021-02-08 08:53:39,521] [basehttp.py:124] [basehttp:log_message] [INFO]- "GET /static/images/dotav1/pake.jpeg HTTP/1.1" 200 246918
[2021-02-08 08:53:39,929] [basehttp.py:124] [basehttp:log_message] [INFO]- "GET /static/images/dotav1/qop.jpeg HTTP/1.1" 200 158317
[2021-02-08 08:53:40,768] [basehttp.py:124] [basehttp:log_message] [INFO]- "GET /static/images/portfolio-11.jpg HTTP/1.1" 200 23938
[2021-02-08 08:53:41,199] [basehttp.py:124] [basehttp:log_message] [INFO]- "GET /static/images/dotav1/storm%20spirit.jpeg HTTP/1.1" 200 28521
[2021-02-08 08:53:41,608] [basehttp.py:124] [basehttp:log_message] [INFO]- "GET /static/images/bg-image-3.jpeg HTTP/1.1" 200 408031
[2021-02-08 08:53:42,298] [basehttp.py:124] [basehttp:log_message] [INFO]- "GET /static/images/portfolio-12.jpg HTTP/1.1" 200 15889
[2021-02-08 08:53:42,408] [basehttp.py:124] [basehttp:log_message] [INFO]- "GET /static/images/testimonial-1.png HTTP/1.1" 200 1243
[2021-02-08 08:53:42,499] [basehttp.py:124] [basehttp:log_message] [INFO]- "GET /static/images/testimonial-2.png HTTP/1.1" 200 1344
[2021-02-08 08:53:45,557] [basehttp.py:124] [basehttp:log_message] [INFO]- "GET /static/images/battle%20field.jpg HTTP/1.1" 200 204037
[2021-02-08 09:29:02,802] [basehttp.py:124] [basehttp:log_message] [INFO]- "GET /index HTTP/1.1" 200 59959
[2021-02-08 09:29:02,877] [basehttp.py:124] [basehttp:log_message] [INFO]- "GET /static/css/animations.css HTTP/1.1" 304 0
[2021-02-08 09:29:02,898] [basehttp.py:124] [basehttp:log_message] [INFO]- "GET /static/css/style.css HTTP/1.1" 304 0
[2021-02-08 09:29:02,904] [basehttp.py:124] [basehttp:log_message] [INFO]- "GET /static/css/custom.css HTTP/1.1" 304 0
[2021-02-08 09:29:02,922] [basehttp.py:124] [basehttp:log_message] [INFO]- "GET /static/images/logo.png HTTP/1.1" 304 0
[2021-02-08 09:29:02,924] [basehttp.py:124] [basehttp:log_message] [INFO]- "GET /static/images/storm%20spirit.jpeg HTTP/1.1" 304 0
[2021-02-08 09:29:02,938] [basehttp.py:124] [basehttp:log_message] [INFO]- "GET /static/images/dotav1/doom.jpeg HTTP/1.1" 304 0
[2021-02-08 09:29:02,951] [basehttp.py:124] [basehttp:log_message] [INFO]- "GET /static/images/portfolio-1.jpg HTTP/1.1" 304 0
[2021-02-08 09:29:02,969] [basehttp.py:124] [basehttp:log_message] [INFO]- "GET /static/plugins/modernizr.js HTTP/1.1" 304 0
[2021-02-08 09:29:02,970] [basehttp.py:124] [basehttp:log_message] [INFO]- "GET /static/plugins/isotope/isotope.pkgd.min.js HTTP/1.1" 304 0
[2021-02-08 09:29:02,988] [basehttp.py:124] [basehttp:log_message] [INFO]- "GET /static/css/animate.css HTTP/1.1" 304 0
[2021-02-08 09:29:02,989] [basehttp.py:124] [basehttp:log_message] [INFO]- "GET /static/plugins/jquery.backstretch.min.js HTTP/1.1" 304 0
[2021-02-08 09:29:02,996] [basehttp.py:124] [basehttp:log_message] [INFO]- "GET /static/images/dotav1/sf.jpeg HTTP/1.1" 304 0
[2021-02-08 09:29:03,006] [basehttp.py:124] [basehttp:log_message] [INFO]- "GET /static/plugins/jquery.appear.js HTTP/1.1" 304 0
[2021-02-08 09:29:03,025] [basehttp.py:124] [basehttp:log_message] [INFO]- "GET /static/js/template.js HTTP/1.1" 304 0
[2021-02-08 09:29:03,026] [basehttp.py:124] [basehttp:log_message] [INFO]- "GET /static/js/custom.js HTTP/1.1" 304 0
[2021-02-08 09:29:03,039] [basehttp.py:124] [basehttp:log_message] [INFO]- "GET /static/images/portfolio-2.jpg HTTP/1.1" 304 0
[2021-02-08 09:29:03,043] [basehttp.py:124] [basehttp:log_message] [INFO]- "GET /static/images/dotav1/gangbei.jpeg HTTP/1.1" 304 0
[2021-02-08 09:29:03,047] [basehttp.py:124] [basehttp:log_message] [INFO]- "GET /static/images/portfolio-3.jpg HTTP/1.1" 304 0
[2021-02-08 09:29:03,057] [basehttp.py:124] [basehttp:log_message] [INFO]- "GET /static/images/dotav1/kaer.jpeg HTTP/1.1" 304 0
[2021-02-08 09:29:03,073] [basehttp.py:124] [basehttp:log_message] [INFO]- "GET /static/images/portfolio-4.jpg HTTP/1.1" 304 0
[2021-02-08 09:29:03,083] [basehttp.py:124] [basehttp:log_message] [INFO]- "GET /static/images/dotav1/ta.jpeg HTTP/1.1" 304 0
[2021-02-08 09:29:03,097] [basehttp.py:124] [basehttp:log_message] [INFO]- "GET /static/images/portfolio-5.jpg HTTP/1.1" 304 0
[2021-02-08 09:29:03,099] [basehttp.py:124] [basehttp:log_message] [INFO]- "GET /static/images/dotav1/lanpang.jpeg HTTP/1.1" 304 0
[2021-02-08 09:29:03,100] [basehttp.py:124] [basehttp:log_message] [INFO]- "GET /static/images/portfolio-6.jpg HTTP/1.1" 304 0
[2021-02-08 09:29:03,111] [basehttp.py:124] [basehttp:log_message] [INFO]- "GET /static/images/dotav1/labike.jpg HTTP/1.1" 304 0
[2021-02-08 09:29:03,124] [basehttp.py:124] [basehttp:log_message] [INFO]- "GET /static/images/portfolio-7.jpg HTTP/1.1" 304 0
[2021-02-08 09:29:03,148] [basehttp.py:124] [basehttp:log_message] [INFO]- "GET /static/images/dotav1/mituan.jpeg HTTP/1.1" 304 0
[2021-02-08 09:29:03,198] [basehttp.py:124] [basehttp:log_message] [INFO]- "GET /static/images/bg-image-1.jpg HTTP/1.1" 304 0
[2021-02-08 09:29:03,203] [basehttp.py:124] [basehttp:log_message] [INFO]- "GET /static/images/bg-image-2.jpeg HTTP/1.1" 304 0
[2021-02-08 09:29:03,244] [basehttp.py:124] [basehttp:log_message] [INFO]- "GET /static/images/portfolio-8.jpg HTTP/1.1" 304 0
[2021-02-08 09:29:03,254] [basehttp.py:124] [basehttp:log_message] [INFO]- "GET /static/images/dotav1/pake.jpeg HTTP/1.1" 304 0
[2021-02-08 09:29:03,297] [basehttp.py:124] [basehttp:log_message] [INFO]- "GET /static/images/portfolio-9.jpg HTTP/1.1" 304 0
[2021-02-08 09:29:03,477] [basehttp.py:124] [basehttp:log_message] [INFO]- "GET /static/images/dotav1/qop.jpeg HTTP/1.1" 304 0
[2021-02-08 09:29:03,525] [basehttp.py:124] [basehttp:log_message] [INFO]- "GET /static/images/portfolio-10.jpg HTTP/1.1" 304 0
[2021-02-08 09:29:03,573] [basehttp.py:124] [basehttp:log_message] [INFO]- "GET /static/images/dotav1/shushi.jpeg HTTP/1.1" 304 0
[2021-02-08 09:29:03,585] [basehttp.py:124] [basehttp:log_message] [INFO]- "GET /static/images/portfolio-11.jpg HTTP/1.1" 304 0
[2021-02-08 09:29:03,625] [basehttp.py:124] [basehttp:log_message] [INFO]- "GET /static/images/dotav1/storm%20spirit.jpeg HTTP/1.1" 304 0
[2021-02-08 09:29:03,634] [basehttp.py:124] [basehttp:log_message] [INFO]- "GET /static/images/portfolio-12.jpg HTTP/1.1" 304 0
[2021-02-08 09:29:03,673] [basehttp.py:124] [basehttp:log_message] [INFO]- "GET /static/images/testimonial-1.png HTTP/1.1" 304 0
[2021-02-08 09:29:03,684] [basehttp.py:124] [basehttp:log_message] [INFO]- "GET /static/images/testimonial-2.png HTTP/1.1" 304 0
[2021-02-08 09:29:04,156] [basehttp.py:124] [basehttp:log_message] [INFO]- "GET /static/images/bg-image-3.jpeg HTTP/1.1" 304 0
[2021-02-08 09:29:04,158] [basehttp.py:124] [basehttp:log_message] [INFO]- "GET /static/images/bg-image-4.jpg HTTP/1.1" 304 0
[2021-02-08 09:29:04,160] [basehttp.py:124] [basehttp:log_message] [INFO]- "GET /static/images/bg-image-5.jpeg HTTP/1.1" 304 0
[2021-02-08 09:29:04,347] [basehttp.py:124] [basehttp:log_message] [INFO]- "GET /static/images/battle%20field.jpg HTTP/1.1" 304 0
[2021-02-08 09:29:04,413] [basehttp.py:124] [basehttp:log_message] [INFO]- "GET /static/images/favicon.ico HTTP/1.1" 200 4286
[2021-02-08 09:29:05,775] [basehttp.py:124] [basehttp:log_message] [INFO]- "GET /sign_up HTTP/1.1" 200 19703
[2021-02-08 09:29:06,135] [basehttp.py:124] [basehttp:log_message] [INFO]- "GET /static/images/bg-image-6.jpeg HTTP/1.1" 200 126621
[2021-02-08 09:29:11,303] [basehttp.py:124] [basehttp:log_message] [INFO]- "GET /sign_up HTTP/1.1" 200 19703
[2021-02-08 09:44:57,349] [basehttp.py:124] [basehttp:log_message] [INFO]- "GET /sign_up HTTP/1.1" 200 19703
[2021-02-08 09:44:57,412] [basehttp.py:124] [basehttp:log_message] [INFO]- "GET /static/css/style.css HTTP/1.1" 304 0
[2021-02-08 09:44:57,528] [basehttp.py:124] [basehttp:log_message] [INFO]- "GET /static/images/bg-image-6.jpeg HTTP/1.1" 304 0
[2021-02-08 09:44:57,591] [basehttp.py:124] [basehttp:log_message] [INFO]- "GET /static/images/favicon.ico HTTP/1.1" 200 4286
[2021-02-08 09:45:04,296] [basehttp.py:124] [basehttp:log_message] [INFO]- "GET /index HTTP/1.1" 200 59959
[2021-02-08 09:45:04,361] [basehttp.py:124] [basehttp:log_message] [INFO]- "GET /static/css/animations.css HTTP/1.1" 304 0
[2021-02-08 09:45:04,381] [basehttp.py:124] [basehttp:log_message] [INFO]- "GET /static/css/custom.css HTTP/1.1" 304 0
[2021-02-08 09:45:04,409] [basehttp.py:124] [basehttp:log_message] [INFO]- "GET /static/images/storm%20spirit.jpeg HTTP/1.1" 304 0
[2021-02-08 09:45:04,410] [basehttp.py:124] [basehttp:log_message] [INFO]- "GET /static/images/logo.png HTTP/1.1" 304 0
[2021-02-08 09:45:04,419] [basehttp.py:124] [basehttp:log_message] [INFO]- "GET /static/images/dotav1/doom.jpeg HTTP/1.1" 304 0
[2021-02-08 09:45:04,420] [basehttp.py:124] [basehttp:log_message] [INFO]- "GET /static/images/portfolio-1.jpg HTTP/1.1" 304 0
[2021-02-08 09:45:04,440] [basehttp.py:124] [basehttp:log_message] [INFO]- "GET /static/css/animate.css HTTP/1.1" 304 0
[2021-02-08 09:45:04,446] [basehttp.py:124] [basehttp:log_message] [INFO]- "GET /static/images/dotav1/sf.jpeg HTTP/1.1" 304 0
[2021-02-08 09:45:04,462] [basehttp.py:124] [basehttp:log_message] [INFO]- "GET /static/images/portfolio-2.jpg HTTP/1.1" 304 0
[2021-02-08 09:45:04,502] [basehttp.py:124] [basehttp:log_message] [INFO]- "GET /static/images/dotav1/gangbei.jpeg HTTP/1.1" 304 0
[2021-02-08 09:45:04,513] [basehttp.py:124] [basehttp:log_message] [INFO]- "GET /static/plugins/modernizr.js HTTP/1.1" 304 0
[2021-02-08 09:45:04,516] [basehttp.py:124] [basehttp:log_message] [INFO]- "GET /static/plugins/isotope/isotope.pkgd.min.js HTTP/1.1" 304 0
[2021-02-08 09:45:04,535] [basehttp.py:124] [basehttp:log_message] [INFO]- "GET /static/plugins/jquery.appear.js HTTP/1.1" 304 0
[2021-02-08 09:45:04,536] [basehttp.py:124] [basehttp:log_message] [INFO]- "GET /static/plugins/jquery.backstretch.min.js HTTP/1.1" 304 0
[2021-02-08 09:45:04,537] [basehttp.py:124] [basehttp:log_message] [INFO]- "GET /static/images/portfolio-3.jpg HTTP/1.1" 304 0
[2021-02-08 09:45:04,557] [basehttp.py:124] [basehttp:log_message] [INFO]- "GET /static/js/template.js HTTP/1.1" 304 0
[2021-02-08 09:45:04,566] [basehttp.py:124] [basehttp:log_message] [INFO]- "GET /static/js/custom.js HTTP/1.1" 304 0
[2021-02-08 09:45:04,576] [basehttp.py:124] [basehttp:log_message] [INFO]- "GET /static/images/dotav1/kaer.jpeg HTTP/1.1" 304 0
[2021-02-08 09:45:04,597] [basehttp.py:124] [basehttp:log_message] [INFO]- "GET /static/images/portfolio-4.jpg HTTP/1.1" 304 0
[2021-02-08 09:45:04,600] [basehttp.py:124] [basehttp:log_message] [INFO]- "GET /static/images/dotav1/ta.jpeg HTTP/1.1" 304 0
[2021-02-08 09:45:04,601] [basehttp.py:124] [basehttp:log_message] [INFO]- "GET /static/images/portfolio-5.jpg HTTP/1.1" 304 0
[2021-02-08 09:45:04,610] [basehttp.py:124] [basehttp:log_message] [INFO]- "GET /static/images/dotav1/lanpang.jpeg HTTP/1.1" 304 0
[2021-02-08 09:45:04,643] [basehttp.py:124] [basehttp:log_message] [INFO]- "GET /static/images/portfolio-6.jpg HTTP/1.1" 304 0
[2021-02-08 09:45:04,666] [basehttp.py:124] [basehttp:log_message] [INFO]- "GET /static/images/dotav1/labike.jpg HTTP/1.1" 304 0
[2021-02-08 09:45:04,672] [basehttp.py:124] [basehttp:log_message] [INFO]- "GET /static/images/portfolio-7.jpg HTTP/1.1" 304 0
[2021-02-08 09:45:04,710] [basehttp.py:124] [basehttp:log_message] [INFO]- "GET /static/images/dotav1/mituan.jpeg HTTP/1.1" 304 0
[2021-02-08 09:45:04,926] [basehttp.py:124] [basehttp:log_message] [INFO]- "GET /static/images/portfolio-8.jpg HTTP/1.1" 304 0
[2021-02-08 09:45:04,933] [basehttp.py:124] [basehttp:log_message] [INFO]- "GET /static/images/dotav1/pake.jpeg HTTP/1.1" 304 0
[2021-02-08 09:45:04,978] [basehttp.py:124] [basehttp:log_message] [INFO]- "GET /static/images/portfolio-9.jpg HTTP/1.1" 304 0
[2021-02-08 09:45:04,995] [basehttp.py:124] [basehttp:log_message] [INFO]- "GET /static/images/dotav1/qop.jpeg HTTP/1.1" 304 0
[2021-02-08 09:45:04,997] [basehttp.py:124] [basehttp:log_message] [INFO]- "GET /static/images/portfolio-10.jpg HTTP/1.1" 304 0
[2021-02-08 09:45:04,999] [basehttp.py:124] [basehttp:log_message] [INFO]- "GET /static/images/dotav1/shushi.jpeg HTTP/1.1" 304 0
[2021-02-08 09:45:05,055] [basehttp.py:124] [basehttp:log_message] [INFO]- "GET /static/images/portfolio-11.jpg HTTP/1.1" 304 0
[2021-02-08 09:45:05,066] [basehttp.py:124] [basehttp:log_message] [INFO]- "GET /static/images/dotav1/storm%20spirit.jpeg HTTP/1.1" 304 0
[2021-02-08 09:45:05,162] [basehttp.py:124] [basehttp:log_message] [INFO]- "GET /static/images/portfolio-12.jpg HTTP/1.1" 304 0
[2021-02-08 09:45:05,215] [basehttp.py:124] [basehttp:log_message] [INFO]- "GET /static/images/testimonial-1.png HTTP/1.1" 304 0
[2021-02-08 09:45:05,266] [basehttp.py:124] [basehttp:log_message] [INFO]- "GET /static/images/testimonial-2.png HTTP/1.1" 304 0
[2021-02-08 09:45:05,318] [basehttp.py:124] [basehttp:log_message] [INFO]- "GET /static/images/bg-image-1.jpg HTTP/1.1" 304 0
[2021-02-08 09:45:05,695] [basehttp.py:124] [basehttp:log_message] [INFO]- "GET /static/images/bg-image-2.jpeg HTTP/1.1" 304 0
[2021-02-08 09:45:06,026] [basehttp.py:124] [basehttp:log_message] [INFO]- "GET /static/images/bg-image-3.jpeg HTTP/1.1" 304 0
[2021-02-08 09:45:06,051] [basehttp.py:124] [basehttp:log_message] [INFO]- "GET /static/images/bg-image-4.jpg HTTP/1.1" 304 0
[2021-02-08 09:45:06,053] [basehttp.py:124] [basehttp:log_message] [INFO]- "GET /static/images/bg-image-5.jpeg HTTP/1.1" 304 0
[2021-02-08 09:45:06,112] [basehttp.py:124] [basehttp:log_message] [INFO]- "GET /static/images/battle%20field.jpg HTTP/1.1" 304 0
[2021-02-08 09:45:15,576] [basehttp.py:124] [basehttp:log_message] [INFO]- "GET /sign_up HTTP/1.1" 200 19703
[2021-02-08 09:46:25,473] [base.py:152] [base:get_response] [WARNING]- Not Found: /
[2021-02-08 09:46:25,473] [basehttp.py:124] [basehttp:log_message] [WARNING]- "GET / HTTP/1.1" 404 74
[2021-02-08 10:17:37,699] [basehttp.py:124] [basehttp:log_message] [INFO]- "GET /index HTTP/1.1" 200 59959
[2021-02-08 10:17:37,776] [basehttp.py:124] [basehttp:log_message] [INFO]- "GET /static/css/animations.css HTTP/1.1" 200 3087
[2021-02-08 10:17:37,801] [basehttp.py:124] [basehttp:log_message] [INFO]- "GET /static/css/style.css HTTP/1.1" 200 14020
[2021-02-08 10:17:37,802] [basehttp.py:124] [basehttp:log_message] [INFO]- "GET /static/css/custom.css HTTP/1.1" 200 296
[2021-02-08 10:17:37,853] [basehttp.py:124] [basehttp:log_message] [INFO]- "GET /static/css/animate.css HTTP/1.1" 200 73111
[2021-02-08 10:17:37,857] [basehttp.py:124] [basehttp:log_message] [INFO]- "GET /static/images/logo.png HTTP/1.1" 200 1330
[2021-02-08 10:17:37,872] [basehttp.py:124] [basehttp:log_message] [INFO]- "GET /static/images/dotav1/doom.jpeg HTTP/1.1" 200 15776
[2021-02-08 10:17:37,874] [basehttp.py:124] [basehttp:log_message] [INFO]- "GET /static/images/portfolio-1.jpg HTTP/1.1" 200 17732
[2021-02-08 10:17:37,877] [basehttp.py:124] [basehttp:log_message] [INFO]- "GET /static/images/dotav1/sf.jpeg HTTP/1.1" 200 35804
[2021-02-08 10:17:38,918] [basehttp.py:124] [basehttp:log_message] [INFO]- "GET /static/plugins/modernizr.js HTTP/1.1" 200 9393
[2021-02-08 10:17:39,323] [basehttp.py:124] [basehttp:log_message] [INFO]- "GET /static/images/storm%20spirit.jpeg HTTP/1.1" 200 142977
[2021-02-08 10:17:39,388] [basehttp.py:124] [basehttp:log_message] [INFO]- "GET /static/plugins/isotope/isotope.pkgd.min.js HTTP/1.1" 200 35624
[2021-02-08 10:17:39,955] [basehttp.py:124] [basehttp:log_message] [INFO]- "GET /static/plugins/jquery.backstretch.min.js HTTP/1.1" 200 4233
[2021-02-08 10:17:39,994] [basehttp.py:124] [basehttp:log_message] [INFO]- "GET /static/plugins/jquery.appear.js HTTP/1.1" 200 4227
[2021-02-08 10:17:40,045] [basehttp.py:124] [basehttp:log_message] [INFO]- "GET /static/js/template.js HTTP/1.1" 200 3367
[2021-02-08 10:17:40,090] [basehttp.py:124] [basehttp:log_message] [INFO]- "GET /static/js/custom.js HTTP/1.1" 200 313
[2021-02-08 10:17:40,092] [basehttp.py:124] [basehttp:log_message] [INFO]- "GET /static/images/portfolio-2.jpg HTTP/1.1" 200 26550
[2021-02-08 10:17:40,338] [basehttp.py:124] [basehttp:log_message] [INFO]- "GET /static/images/portfolio-3.jpg HTTP/1.1" 200 39212
[2021-02-08 10:17:42,008] [basehttp.py:124] [basehttp:log_message] [INFO]- "GET /static/images/dotav1/gangbei.jpeg HTTP/1.1" 200 150084
[2021-02-08 10:17:42,719] [basehttp.py:124] [basehttp:log_message] [INFO]- "GET /static/images/portfolio-4.jpg HTTP/1.1" 200 23953
[2021-02-08 10:17:43,145] [basehttp.py:124] [basehttp:log_message] [INFO]- "GET /static/images/portfolio-5.jpg HTTP/1.1" 200 17680
[2021-02-08 10:17:44,069] [basehttp.py:124] [basehttp:log_message] [INFO]- "GET /static/images/portfolio-6.jpg HTTP/1.1" 200 46436
[2021-02-08 10:17:44,709] [basehttp.py:124] [basehttp:log_message] [INFO]- "GET /static/images/dotav1/lanpang.jpeg HTTP/1.1" 200 89008
[2021-02-08 10:17:46,155] [basehttp.py:124] [basehttp:log_message] [INFO]- "GET /static/images/dotav1/kaer.jpeg HTTP/1.1" 200 340252
[2021-02-08 10:17:46,810] [basehttp.py:124] [basehttp:log_message] [INFO]- "GET /static/images/dotav1/labike.jpg HTTP/1.1" 200 17489
[2021-02-08 10:17:47,006] [basehttp.py:124] [basehttp:log_message] [INFO]- "GET /static/images/portfolio-7.jpg HTTP/1.1" 200 13059
[2021-02-08 10:17:47,559] [basehttp.py:124] [basehttp:log_message] [INFO]- "GET /static/images/dotav1/ta.jpeg HTTP/1.1" 200 198080
[2021-02-08 10:17:48,273] [basehttp.py:124] [basehttp:log_message] [INFO]- "GET /static/images/portfolio-8.jpg HTTP/1.1" 200 15397
[2021-02-08 10:17:51,301] [basehttp.py:124] [basehttp:log_message] [INFO]- "GET /static/images/portfolio-9.jpg HTTP/1.1" 200 13059
[2021-02-08 10:17:53,643] [basehttp.py:124] [basehttp:log_message] [INFO]- "GET /static/images/dotav1/pake.jpeg HTTP/1.1" 200 246918
[2021-02-08 10:17:54,867] [basehttp.py:124] [basehttp:log_message] [INFO]- "GET /static/images/dotav1/qop.jpeg HTTP/1.1" 200 158317
[2021-02-08 10:17:55,881] [basehttp.py:124] [basehttp:log_message] [INFO]- "GET /static/images/portfolio-10.jpg HTTP/1.1" 200 26779
[2021-02-08 10:17:56,492] [basehttp.py:124] [basehttp:log_message] [INFO]- "GET /static/images/dotav1/shushi.jpeg HTTP/1.1" 200 90169
[2021-02-08 10:17:57,627] [basehttp.py:124] [basehttp:log_message] [INFO]- "GET /static/images/portfolio-11.jpg HTTP/1.1" 200 23938
[2021-02-08 10:17:57,990] [basehttp.py:124] [basehttp:log_message] [INFO]- "GET /static/images/dotav1/storm%20spirit.jpeg HTTP/1.1" 200 28521
[2021-02-08 10:18:00,457] [basehttp.py:124] [basehttp:log_message] [INFO]- "GET /static/images/portfolio-12.jpg HTTP/1.1" 200 15889
[2021-02-08 10:18:00,502] [basehttp.py:124] [basehttp:log_message] [INFO]- "GET /static/images/testimonial-1.png HTTP/1.1" 200 1243
[2021-02-08 10:18:00,551] [basehttp.py:124] [basehttp:log_message] [INFO]- "GET /static/images/testimonial-2.png HTTP/1.1" 200 1344
[2021-02-08 10:18:09,304] [basehttp.py:124] [basehttp:log_message] [INFO]- "GET /static/images/bg-image-2.jpeg HTTP/1.1" 200 213236
[2021-02-08 10:18:11,350] [basehttp.py:124] [basehttp:log_message] [INFO]- "GET /static/images/bg-image-4.jpg HTTP/1.1" 200 249263
[2021-02-08 10:18:15,548] [basehttp.py:124] [basehttp:log_message] [INFO]- "GET /static/images/bg-image-3.jpeg HTTP/1.1" 200 408031
[2021-02-08 10:18:17,328] [basehttp.py:124] [basehttp:log_message] [INFO]- "GET /static/images/bg-image-5.jpeg HTTP/1.1" 200 219598
[2021-02-08 10:18:17,885] [basehttp.py:124] [basehttp:log_message] [INFO]- "GET /static/images/battle%20field.jpg HTTP/1.1" 200 204037
[2021-02-08 10:18:19,495] [basehttp.py:124] [basehttp:log_message] [INFO]- "GET /static/images/bg-image-1.jpg HTTP/1.1" 200 596159
[2021-02-08 10:18:21,770] [basehttp.py:124] [basehttp:log_message] [INFO]- "GET /static/images/dotav1/mituan.jpeg HTTP/1.1" 200 1744978
[2021-02-08 10:18:44,531] [basehttp.py:124] [basehttp:log_message] [INFO]- "GET /static/images/favicon.ico HTTP/1.1" 200 4286
